<?xml version="1.0" encoding="UTF-8"?>
<beans xmlns="http://www.springframework.org/schema/beans"
       xmlns:xsi="http://www.w3.org/2001/XMLSchema-instance"
       xsi:schemaLocation="http://www.springframework.org/schema/beans http://www.springframework.org/schema/beans/spring-beans.xsd">

    <bean id="standAloneDataSource" class="org.springframework.jdbc.datasource.DriverManagerDataSource">
        <property name="driverClassName" value="${jdbc.driver}"/>
        <property name="url" value="${jdbc.url}"/>
        <property name="username" value="${jdbc.user}"/>
        <property name="password" value="${jdbc.pass}"/>
    </bean>

    <bean id="jdbcFreeUsageCounterDao" class="at.mobilkom.brian.sis.qfuc.dao.JdbcFreeUsageCounterDao">
        <qualifier value="jdbc"/>
        <property name="functionName" value="PC9_FREE_ALLOWANCE_QUERY_2"/>
        <property name="dataSource" ref="standAloneDataSource"/>
    </bean>

</beans>